TN:
SF:src/components/Form/Button/index.tsx
FN:8,Button
FNF:1
FNH:1
FNDA:4,Button
DA:9,4
LF:1
LH:1
BRF:0
BRH:0
end_of_record
TN:
SF:src/components/Form/CategorySelectButton/index.tsx
FN:8,CategorySelectButton
FNF:1
FNH:1
FNDA:2,CategorySelectButton
DA:9,2
LF:1
LH:1
BRF:0
BRH:0
end_of_record
TN:
SF:src/components/Form/Input/index.tsx
FN:7,Input
FNF:1
FNH:1
FNDA:5,Input
DA:10,5
LF:1
LH:1
BRDA:8,0,0,4
BRF:1
BRH:1
end_of_record
TN:
SF:src/components/Form/TransactionTypeButton/index.tsx
FN:16,TransactionTypeButton
FNF:1
FNH:1
FNDA:4,TransactionTypeButton
DA:5,1
DA:17,4
LF:2
LH:2
BRF:0
BRH:0
end_of_record
TN:
SF:src/components/Header/index.tsx
FN:6,Header
FNF:1
FNH:0
FNDA:0,Header
DA:7,0
DA:8,0
LF:2
LH:0
BRF:0
BRH:0
end_of_record
TN:
SF:src/components/HighlightCard/index.tsx
FN:25,HighlightCard
FNF:1
FNH:0
FNDA:0,HighlightCard
DA:19,0
DA:26,0
LF:2
LH:0
BRF:0
BRH:0
end_of_record
TN:
SF:src/components/HistoryCard/index.tsx
FN:9,HistoryCard
FNF:1
FNH:0
FNDA:0,HistoryCard
DA:10,0
LF:1
LH:0
BRF:0
BRH:0
end_of_record
TN:
SF:src/components/InputForm/index.tsx
FN:11,InputForm
FN:16,(anonymous_1)
FNF:2
FNH:2
FNDA:4,InputForm
FNDA:4,(anonymous_1)
DA:12,4
DA:17,4
LF:2
LH:2
BRDA:25,0,0,4
BRDA:25,0,1,0
BRF:2
BRH:1
end_of_record
TN:
SF:src/components/SignInSocialButton/index.tsx
FN:10,SignInSocialButton
FNF:1
FNH:0
FNDA:0,SignInSocialButton
DA:11,0
LF:1
LH:0
BRF:0
BRH:0
end_of_record
TN:
SF:src/components/TransactionCard/index.tsx
FN:18,TransactionCard
FN:20,(anonymous_1)
FNF:2
FNH:0
FNDA:0,TransactionCard
FNDA:0,(anonymous_1)
DA:19,0
DA:20,0
DA:22,0
LF:3
LH:0
BRDA:27,0,0,0
BRDA:27,0,1,0
BRF:2
BRH:0
end_of_record
TN:
SF:src/hooks/auth.tsx
FN:31,AuthProvider
FN:35,signInWithGoogle
FN:59,signInWithApple
FN:84,signOut
FN:89,(anonymous_4)
FN:90,loadUserStorageDate
FN:107,useAuth
FNF:7
FNH:5
FNDA:9,AuthProvider
FNDA:3,signInWithGoogle
FNDA:0,signInWithApple
FNDA:0,signOut
FNDA:3,(anonymous_4)
FNDA:3,loadUserStorageDate
FNDA:11,useAuth
DA:2,2
DA:3,2
DA:29,2
DA:32,9
DA:33,9
DA:34,9
DA:36,3
DA:37,3
DA:38,3
DA:39,3
DA:40,3
DA:42,2
DA:43,1
DA:44,1
DA:45,1
DA:46,1
DA:52,1
DA:53,1
DA:56,1
DA:60,0
DA:61,0
DA:67,0
DA:68,0
DA:69,0
DA:70,0
DA:76,0
DA:77,0
DA:80,0
DA:85,0
DA:86,0
DA:89,9
DA:91,3
DA:92,3
DA:93,2
DA:94,2
DA:96,3
DA:98,3
DA:100,9
DA:108,11
DA:109,11
LF:40
LH:29
BRDA:42,0,0,1
BRDA:42,0,1,1
BRDA:67,1,0,0
BRDA:67,1,1,0
BRDA:92,2,0,2
BRDA:92,2,1,1
BRF:6
BRH:4
end_of_record
TN:
SF:src/routes/app.routes.tsx
FN:10,AppRoutes
FN:29,(anonymous_1)
FN:42,(anonymous_2)
FN:55,(anonymous_3)
FNF:4
FNH:0
FNDA:0,AppRoutes
FNDA:0,(anonymous_1)
FNDA:0,(anonymous_2)
FNDA:0,(anonymous_3)
DA:9,0
DA:11,0
DA:12,0
DA:30,0
DA:43,0
DA:56,0
LF:6
LH:0
BRDA:20,0,0,0
BRDA:20,0,1,0
BRF:2
BRH:0
end_of_record
TN:
SF:src/routes/auth.routes.tsx
FN:6,AuthRoutes
FNF:1
FNH:0
FNDA:0,AuthRoutes
DA:4,0
DA:7,0
LF:2
LH:0
BRF:0
BRH:0
end_of_record
TN:
SF:src/routes/index.tsx
FN:7,Routes
FNF:1
FNH:0
FNDA:0,Routes
DA:8,0
DA:9,0
DA:10,0
LF:3
LH:0
BRDA:12,0,0,0
BRDA:12,0,1,0
BRF:2
BRH:0
end_of_record
TN:
SF:src/screens/CategorySelect/index.tsx
FN:17,CategorySelect
FN:19,handleSelectedCategory
FN:30,(anonymous_2)
FN:31,(anonymous_3)
FN:33,(anonymous_4)
FN:40,(anonymous_5)
FNF:6
FNH:4
FNDA:2,CategorySelect
FNDA:0,handleSelectedCategory
FNDA:12,(anonymous_2)
FNDA:12,(anonymous_3)
FNDA:0,(anonymous_4)
FNDA:10,(anonymous_5)
DA:20,0
DA:22,2
DA:30,12
DA:32,12
DA:33,0
DA:40,10
LF:6
LH:4
BRF:0
BRH:0
end_of_record
TN:
SF:src/screens/Dashboard/index.tsx
FN:27,Dashboard
FN:34,getLastTransactionDate
FN:38,(anonymous_2)
FN:43,(anonymous_3)
FN:50,getTransactions
FN:56,(anonymous_5)
FN:116,(anonymous_6)
FN:119,(anonymous_7)
FN:153,(anonymous_8)
FN:154,(anonymous_9)
FNF:10
FNH:0
FNDA:0,Dashboard
FNDA:0,getLastTransactionDate
FNDA:0,(anonymous_2)
FNDA:0,(anonymous_3)
FNDA:0,getTransactions
FNDA:0,(anonymous_5)
FNDA:0,(anonymous_6)
FNDA:0,(anonymous_7)
FNDA:0,(anonymous_8)
FNDA:0,(anonymous_9)
DA:28,0
DA:29,0
DA:30,0
DA:31,0
DA:32,0
DA:38,0
DA:39,0
DA:40,0
DA:42,0
DA:43,0
DA:45,0
DA:51,0
DA:52,0
DA:53,0
DA:54,0
DA:55,0
DA:56,0
DA:57,0
DA:58,0
DA:60,0
DA:62,0
DA:66,0
DA:71,0
DA:80,0
DA:81,0
DA:82,0
DA:83,0
DA:86,0
DA:87,0
DA:114,0
DA:116,0
DA:117,0
DA:119,0
DA:120,0
DA:122,0
DA:153,0
DA:154,0
LF:37
LH:0
BRDA:39,0,0,0
BRDA:39,0,1,0
BRDA:53,1,0,0
BRDA:53,1,1,0
BRDA:57,2,0,0
BRDA:57,2,1,0
BRDA:83,3,0,0
BRDA:83,3,1,0
BRDA:93,4,0,0
BRDA:93,4,1,0
BRDA:102,5,0,0
BRDA:102,5,1,0
BRDA:125,6,0,0
BRDA:125,6,1,0
BRF:14
BRH:0
end_of_record
TN:
SF:src/screens/Profile/index.tsx
FN:8,Profile
FN:28,(anonymous_1)
FNF:2
FNH:1
FNDA:3,Profile
FNDA:0,(anonymous_1)
DA:9,3
LF:1
LH:1
BRF:0
BRH:0
end_of_record
TN:
SF:src/screens/Register/index.tsx
FN:43,Register
FN:60,handleSelectedType
FN:63,handleModalOpen
FN:66,handleCloseModal
FN:70,handleRegister
FN:132,(anonymous_5)
FN:133,(anonymous_6)
FNF:7
FNH:2
FNDA:2,Register
FNDA:0,handleSelectedType
FNDA:1,handleModalOpen
FNDA:0,handleCloseModal
FNDA:0,handleRegister
FNDA:0,(anonymous_5)
FNDA:0,(anonymous_6)
DA:32,1
DA:44,2
DA:45,2
DA:46,2
DA:47,2
DA:51,2
DA:57,2
DA:61,0
DA:64,1
DA:67,0
DA:71,0
DA:72,0
DA:74,0
DA:75,0
DA:77,0
DA:85,0
DA:86,0
DA:87,0
DA:88,0
DA:89,0
DA:93,0
DA:94,0
DA:95,0
DA:96,0
DA:100,0
DA:102,0
DA:103,0
DA:106,2
DA:132,0
DA:133,0
LF:30
LH:9
BRDA:71,0,0,0
BRDA:71,0,1,0
BRDA:74,1,0,0
BRDA:74,1,1,0
BRDA:88,2,0,0
BRDA:88,2,1,0
BRDA:122,3,0,2
BRDA:122,3,1,0
BRDA:129,4,0,2
BRDA:129,4,1,0
BRF:10
BRH:2
end_of_record
TN:
SF:src/screens/Resume/index.tsx
FN:32,Resume
FN:38,handleDateChange
FN:46,LoadTransactions
FN:51,(anonymous_3)
FN:56,(anonymous_4)
FN:60,(anonymous_5)
FN:62,(anonymous_6)
FN:86,(anonymous_7)
FN:107,(anonymous_8)
FN:111,(anonymous_9)
FN:118,(anonymous_10)
FN:132,(anonymous_11)
FNF:12
FNH:0
FNDA:0,Resume
FNDA:0,handleDateChange
FNDA:0,LoadTransactions
FNDA:0,(anonymous_3)
FNDA:0,(anonymous_4)
FNDA:0,(anonymous_5)
FNDA:0,(anonymous_6)
FNDA:0,(anonymous_7)
FNDA:0,(anonymous_8)
FNDA:0,(anonymous_9)
FNDA:0,(anonymous_10)
FNDA:0,(anonymous_11)
DA:33,0
DA:34,0
DA:35,0
DA:36,0
DA:37,0
DA:39,0
DA:40,0
DA:42,0
DA:45,0
DA:47,0
DA:48,0
DA:49,0
DA:50,0
DA:52,0
DA:56,0
DA:57,0
DA:59,0
DA:60,0
DA:61,0
DA:62,0
DA:63,0
DA:64,0
DA:67,0
DA:68,0
DA:72,0
DA:73,0
DA:83,0
DA:84,0
DA:86,0
DA:87,0
DA:89,0
DA:107,0
DA:111,0
DA:118,0
DA:133,0
LF:35
LH:0
BRDA:39,0,0,0
BRDA:39,0,1,0
BRDA:49,1,0,0
BRDA:49,1,1,0
BRDA:52,2,0,0
BRDA:52,2,1,0
BRDA:52,2,2,0
BRDA:63,3,0,0
BRDA:63,3,1,0
BRDA:67,4,0,0
BRDA:67,4,1,0
BRDA:94,5,0,0
BRDA:94,5,1,0
BRF:13
BRH:0
end_of_record
TN:
SF:src/screens/SignIn/index.tsx
FN:12,SignIn
FN:16,handleSignInWithGoogle
FN:27,handleSignInWithApple
FNF:3
FNH:0
FNDA:0,SignIn
FNDA:0,handleSignInWithGoogle
FNDA:0,handleSignInWithApple
DA:13,0
DA:14,0
DA:15,0
DA:17,0
DA:18,0
DA:19,0
DA:21,0
DA:22,0
DA:23,0
DA:28,0
DA:29,0
DA:30,0
DA:32,0
DA:33,0
DA:34,0
DA:38,0
LF:16
LH:0
BRDA:64,0,0,0
BRDA:64,0,1,0
BRDA:72,1,0,0
BRDA:72,1,1,0
BRF:4
BRH:0
end_of_record
